SF:lib/core/util/input_converter.dart
DA:5,1
DA:7,1
DA:8,1
DA:11,1
DA:12,1
DA:13,2
LF:6
LH:6
end_of_record
SF:lib/core/error/failures.dart
DA:4,2
DA:5,2
LF:2
LH:2
end_of_record
SF:lib/core/network/network_info.dart
DA:10,1
DA:12,1
DA:13,2
LF:3
LH:3
end_of_record
SF:lib/features/number_trivia/data/datasources/number_trivia_remote_data_source.dart
DA:23,1
DA:25,1
DA:27,2
DA:30,1
DA:32,1
DA:35,1
DA:36,2
DA:37,1
DA:38,1
DA:40,2
DA:41,3
DA:43,1
LF:12
LH:12
end_of_record
SF:lib/features/number_trivia/data/models/number_trivia_model.dart
DA:4,6
DA:6,3
DA:7,3
DA:8,3
DA:9,6
DA:13,2
DA:14,2
DA:15,2
DA:16,2
LF:9
LH:9
end_of_record
SF:lib/features/number_trivia/domain/entities/number_trivia.dart
DA:7,9
DA:12,3
DA:13,9
LF:3
LH:3
end_of_record
SF:lib/features/number_trivia/data/datasources/number_trivia_local_data_source.dart
DA:22,1
DA:24,1
DA:26,2
DA:28,2
DA:32,1
DA:34,2
DA:36,3
DA:38,1
LF:8
LH:8
end_of_record
SF:lib/features/number_trivia/data/repositories/number_trivia_repository_impl.dart
DA:18,1
DA:24,1
DA:27,2
DA:28,2
DA:32,1
DA:34,2
DA:35,2
DA:39,1
DA:41,2
DA:43,1
DA:44,2
DA:45,1
DA:46,1
DA:47,2
DA:51,2
DA:52,1
DA:53,1
DA:54,2
LF:18
LH:18
end_of_record
SF:lib/features/number_trivia/domain/usecases/get_concrete_number_trivia.dart
DA:11,1
DA:13,1
DA:15,3
DA:22,2
DA:24,0
DA:25,0
LF:6
LH:4
end_of_record
SF:lib/core/usecase/usecase.dart
DA:10,0
DA:11,0
LF:2
LH:0
end_of_record
SF:lib/features/number_trivia/domain/usecases/get_random_number_trivia.dart
DA:10,1
DA:12,1
DA:14,2
LF:3
LH:3
end_of_record
SF:lib/features/number_trivia/presentation/bloc/number_trivia_state.dart
DA:4,5
DA:6,1
DA:7,1
DA:19,2
DA:25,5
LF:5
LH:5
end_of_record
SF:lib/features/number_trivia/presentation/bloc/number_trivia_event.dart
DA:4,2
DA:6,0
DA:7,0
DA:13,1
LF:4
LH:2
end_of_record
SF:lib/features/number_trivia/presentation/bloc/number_trivia_bloc.dart
DA:24,1
DA:28,2
DA:29,2
DA:30,2
DA:33,1
DA:38,3
DA:39,1
DA:40,1
DA:41,1
DA:43,1
DA:44,2
DA:45,3
DA:46,2
DA:51,1
DA:55,2
DA:56,3
DA:57,2
DA:58,2
DA:61,1
DA:64,1
DA:65,3
DA:66,2
DA:70,1
DA:71,1
DA:72,1
DA:74,1
LF:26
LH:26
end_of_record
